<?xml version="1.0" encoding="UTF-8"?>
<!-- Generated by org.testng.reporters.JUnitReportReporter -->
<testsuite hostname="LAPTOP-MRVI2C8P" name="Session4_IFrame" tests="1" failures="0" timestamp="2 Feb 2023 08:05:16 GMT" time="2.229" errors="0">
  <testcase name="testIframe" time="2.229" classname="Session4_IFrame"/>
</testsuite> <!-- Session4_IFrame -->
